
------- NEW VE RUN STARTED -------

Date: 2023-12-18 19:39:16.456753

Elimination order heuristic used: Contained in fewest factors first

Elimination Order: ['JohnCalls', 'MaryCalls', 'Earthquake']

Query Variables: Alarm

Observed Variables: {'Burglary': 'True'}

Original Factors: 

	  Burglary  prob
	0     True  0.01
	1    False  0.99

	  Earthquake  prob
	0       True  0.02
	1      False  0.98

	   Alarm Burglary Earthquake   prob
	0   True     True       True  0.950
	1  False     True       True  0.050
	2   True    False       True  0.290
	3  False    False       True  0.710
	4   True     True      False  0.940
	5  False     True      False  0.060
	6   True    False      False  0.001
	7  False    False      False  0.999

	  JohnCalls  Alarm  prob
	0      True   True  0.90
	1     False   True  0.10
	2      True  False  0.05
	3     False  False  0.95

	  MaryCalls  Alarm  prob
	0      True   True  0.70
	1     False   True  0.30
	2      True  False  0.01
	3     False  False  0.99

Factors with evidence applied: 

	  Earthquake  prob
	0       True  0.02
	1      False  0.98

	   Alarm Earthquake  prob
	0   True       True  0.95
	1  False       True  0.05
	4   True      False  0.94
	5  False      False  0.06

	  JohnCalls  Alarm  prob
	0      True   True  0.90
	1     False   True  0.10
	2      True  False  0.05
	3     False  False  0.95

	  MaryCalls  Alarm  prob
	0      True   True  0.70
	1     False   True  0.30
	2      True  False  0.01
	3     False  False  0.99

Eliminate variable: JohnCalls

Factors to multiply containing variable: JohnCalls

	  JohnCalls  Alarm  prob
	0      True   True  0.90
	1     False   True  0.10
	2      True  False  0.05
	3     False  False  0.95

Result of multiplication: 

	  JohnCalls  Alarm  prob
	0      True   True  0.90
	1     False   True  0.10
	2      True  False  0.05
	3     False  False  0.95

Sum out JohnCalls

	   Alarm  prob
	0  False   1.0
	1   True   1.0

New List of Factors: 

	  Earthquake  prob
	0       True  0.02
	1      False  0.98

	   Alarm Earthquake  prob
	0   True       True  0.95
	1  False       True  0.05
	4   True      False  0.94
	5  False      False  0.06

	  MaryCalls  Alarm  prob
	0      True   True  0.70
	1     False   True  0.30
	2      True  False  0.01
	3     False  False  0.99

	   Alarm  prob
	0  False   1.0
	1   True   1.0

Eliminate variable: MaryCalls

Factors to multiply containing variable: MaryCalls

	  MaryCalls  Alarm  prob
	0      True   True  0.70
	1     False   True  0.30
	2      True  False  0.01
	3     False  False  0.99

Result of multiplication: 

	  MaryCalls  Alarm  prob
	0      True   True  0.70
	1     False   True  0.30
	2      True  False  0.01
	3     False  False  0.99

Sum out MaryCalls

	   Alarm  prob
	0  False   1.0
	1   True   1.0

New List of Factors: 

	  Earthquake  prob
	0       True  0.02
	1      False  0.98

	   Alarm Earthquake  prob
	0   True       True  0.95
	1  False       True  0.05
	4   True      False  0.94
	5  False      False  0.06

	   Alarm  prob
	0  False   1.0
	1   True   1.0

	   Alarm  prob
	0  False   1.0
	1   True   1.0

Eliminate variable: Earthquake

Factors to multiply containing variable: Earthquake

	  Earthquake  prob
	0       True  0.02
	1      False  0.98

	   Alarm Earthquake  prob
	0   True       True  0.95
	1  False       True  0.05
	4   True      False  0.94
	5  False      False  0.06

Result of multiplication: 

	  Earthquake  Alarm    prob
	0       True   True  0.0190
	1       True  False  0.0010
	2      False   True  0.9212
	3      False  False  0.0588

Sum out Earthquake

	   Alarm    prob
	0  False  0.0598
	1   True  0.9402

New List of Factors: 

	   Alarm  prob
	0  False   1.0
	1   True   1.0

	   Alarm  prob
	0  False   1.0
	1   True   1.0

	   Alarm    prob
	0  False  0.0598
	1   True  0.9402

Elimination step complete. Multiply the following remaining factors together.

	   Alarm  prob
	0  False   1.0
	1   True   1.0

	   Alarm  prob
	0  False   1.0
	1   True   1.0

	   Alarm    prob
	0  False  0.0598
	1   True  0.9402

Final factor pre-normalization.

	   Alarm    prob
	0  False  0.0598
	1   True  0.9402

Final factor post-normalization.

	   Alarm    prob
	0  False  0.0598
	1   True  0.9402

------- NEW VE RUN STARTED -------

Date: 2023-12-18 19:39:36.747959

Elimination order heuristic used: Least incoming arcs first

Elimination Order: ['Earthquake', 'JohnCalls', 'MaryCalls']

Query Variables: Alarm

Observed Variables: {'Burglary': 'True'}

Original Factors: 

	  Burglary  prob
	0     True  0.01
	1    False  0.99

	  Earthquake  prob
	0       True  0.02
	1      False  0.98

	   Alarm Burglary Earthquake   prob
	0   True     True       True  0.950
	1  False     True       True  0.050
	2   True    False       True  0.290
	3  False    False       True  0.710
	4   True     True      False  0.940
	5  False     True      False  0.060
	6   True    False      False  0.001
	7  False    False      False  0.999

	  JohnCalls  Alarm  prob
	0      True   True  0.90
	1     False   True  0.10
	2      True  False  0.05
	3     False  False  0.95

	  MaryCalls  Alarm  prob
	0      True   True  0.70
	1     False   True  0.30
	2      True  False  0.01
	3     False  False  0.99

Factors with evidence applied: 

	  Earthquake  prob
	0       True  0.02
	1      False  0.98

	   Alarm Earthquake  prob
	0   True       True  0.95
	1  False       True  0.05
	4   True      False  0.94
	5  False      False  0.06

	  JohnCalls  Alarm  prob
	0      True   True  0.90
	1     False   True  0.10
	2      True  False  0.05
	3     False  False  0.95

	  MaryCalls  Alarm  prob
	0      True   True  0.70
	1     False   True  0.30
	2      True  False  0.01
	3     False  False  0.99

Eliminate variable: Earthquake

Factors to multiply containing variable: Earthquake

	  Earthquake  prob
	0       True  0.02
	1      False  0.98

	   Alarm Earthquake  prob
	0   True       True  0.95
	1  False       True  0.05
	4   True      False  0.94
	5  False      False  0.06

Result of multiplication: 

	  Earthquake  Alarm    prob
	0       True   True  0.0190
	1       True  False  0.0010
	2      False   True  0.9212
	3      False  False  0.0588

Sum out Earthquake

	   Alarm    prob
	0  False  0.0598
	1   True  0.9402

New List of Factors: 

	  JohnCalls  Alarm  prob
	0      True   True  0.90
	1     False   True  0.10
	2      True  False  0.05
	3     False  False  0.95

	  MaryCalls  Alarm  prob
	0      True   True  0.70
	1     False   True  0.30
	2      True  False  0.01
	3     False  False  0.99

	   Alarm    prob
	0  False  0.0598
	1   True  0.9402

Eliminate variable: JohnCalls

Factors to multiply containing variable: JohnCalls

	  JohnCalls  Alarm  prob
	0      True   True  0.90
	1     False   True  0.10
	2      True  False  0.05
	3     False  False  0.95

Result of multiplication: 

	  JohnCalls  Alarm  prob
	0      True   True  0.90
	1     False   True  0.10
	2      True  False  0.05
	3     False  False  0.95

Sum out JohnCalls

	   Alarm  prob
	0  False   1.0
	1   True   1.0

New List of Factors: 

	  MaryCalls  Alarm  prob
	0      True   True  0.70
	1     False   True  0.30
	2      True  False  0.01
	3     False  False  0.99

	   Alarm    prob
	0  False  0.0598
	1   True  0.9402

	   Alarm  prob
	0  False   1.0
	1   True   1.0

Eliminate variable: MaryCalls

Factors to multiply containing variable: MaryCalls

	  MaryCalls  Alarm  prob
	0      True   True  0.70
	1     False   True  0.30
	2      True  False  0.01
	3     False  False  0.99

Result of multiplication: 

	  MaryCalls  Alarm  prob
	0      True   True  0.70
	1     False   True  0.30
	2      True  False  0.01
	3     False  False  0.99

Sum out MaryCalls

	   Alarm  prob
	0  False   1.0
	1   True   1.0

New List of Factors: 

	   Alarm    prob
	0  False  0.0598
	1   True  0.9402

	   Alarm  prob
	0  False   1.0
	1   True   1.0

	   Alarm  prob
	0  False   1.0
	1   True   1.0

Elimination step complete. Multiply the following remaining factors together.

	   Alarm    prob
	0  False  0.0598
	1   True  0.9402

	   Alarm  prob
	0  False   1.0
	1   True   1.0

	   Alarm  prob
	0  False   1.0
	1   True   1.0

Final factor pre-normalization.

	   Alarm    prob
	0  False  0.0598
	1   True  0.9402

Final factor post-normalization.

	   Alarm    prob
	0  False  0.0598
	1   True  0.9402

------- NEW VE RUN STARTED -------

Date: 2023-12-18 19:42:21.498110

Elimination order heuristic used: Contained in fewest factors first

Elimination Order: ['JohnCalls', 'MaryCalls', 'Earthquake']

Query Variables: Alarm

Observed Variables: {'Burglary': 'True'}

Original Factors: 

	  Burglary  prob
	0     True  0.01
	1    False  0.99

	  Earthquake  prob
	0       True  0.02
	1      False  0.98

	   Alarm Burglary Earthquake   prob
	0   True     True       True  0.950
	1  False     True       True  0.050
	2   True    False       True  0.290
	3  False    False       True  0.710
	4   True     True      False  0.940
	5  False     True      False  0.060
	6   True    False      False  0.001
	7  False    False      False  0.999

	  JohnCalls  Alarm  prob
	0      True   True  0.90
	1     False   True  0.10
	2      True  False  0.05
	3     False  False  0.95

	  MaryCalls  Alarm  prob
	0      True   True  0.70
	1     False   True  0.30
	2      True  False  0.01
	3     False  False  0.99

Factors with evidence applied: 

	  Earthquake  prob
	0       True  0.02
	1      False  0.98

	   Alarm Earthquake  prob
	0   True       True  0.95
	1  False       True  0.05
	4   True      False  0.94
	5  False      False  0.06

	  JohnCalls  Alarm  prob
	0      True   True  0.90
	1     False   True  0.10
	2      True  False  0.05
	3     False  False  0.95

	  MaryCalls  Alarm  prob
	0      True   True  0.70
	1     False   True  0.30
	2      True  False  0.01
	3     False  False  0.99

Eliminate variable: JohnCalls

Factors to multiply containing variable: JohnCalls

	  JohnCalls  Alarm  prob
	0      True   True  0.90
	1     False   True  0.10
	2      True  False  0.05
	3     False  False  0.95

Result of multiplication: 

	  JohnCalls  Alarm  prob
	0      True   True  0.90
	1     False   True  0.10
	2      True  False  0.05
	3     False  False  0.95

Sum out JohnCalls

	   Alarm  prob
	0  False   1.0
	1   True   1.0

New List of Factors: 

	  Earthquake  prob
	0       True  0.02
	1      False  0.98

	   Alarm Earthquake  prob
	0   True       True  0.95
	1  False       True  0.05
	4   True      False  0.94
	5  False      False  0.06

	  MaryCalls  Alarm  prob
	0      True   True  0.70
	1     False   True  0.30
	2      True  False  0.01
	3     False  False  0.99

	   Alarm  prob
	0  False   1.0
	1   True   1.0

Eliminate variable: MaryCalls

Factors to multiply containing variable: MaryCalls

	  MaryCalls  Alarm  prob
	0      True   True  0.70
	1     False   True  0.30
	2      True  False  0.01
	3     False  False  0.99

Result of multiplication: 

	  MaryCalls  Alarm  prob
	0      True   True  0.70
	1     False   True  0.30
	2      True  False  0.01
	3     False  False  0.99

Sum out MaryCalls

	   Alarm  prob
	0  False   1.0
	1   True   1.0

New List of Factors: 

	  Earthquake  prob
	0       True  0.02
	1      False  0.98

	   Alarm Earthquake  prob
	0   True       True  0.95
	1  False       True  0.05
	4   True      False  0.94
	5  False      False  0.06

	   Alarm  prob
	0  False   1.0
	1   True   1.0

	   Alarm  prob
	0  False   1.0
	1   True   1.0

Eliminate variable: Earthquake

Factors to multiply containing variable: Earthquake

	  Earthquake  prob
	0       True  0.02
	1      False  0.98

	   Alarm Earthquake  prob
	0   True       True  0.95
	1  False       True  0.05
	4   True      False  0.94
	5  False      False  0.06

Result of multiplication: 

	   Alarm Earthquake    prob
	0   True       True  0.0190
	1  False       True  0.0010
	2   True      False  0.9212
	3  False      False  0.0588

Sum out Earthquake

	   Alarm    prob
	0  False  0.0598
	1   True  0.9402

New List of Factors: 

	   Alarm  prob
	0  False   1.0
	1   True   1.0

	   Alarm  prob
	0  False   1.0
	1   True   1.0

	   Alarm    prob
	0  False  0.0598
	1   True  0.9402

Elimination step complete. Multiply the following remaining factors together.

	   Alarm  prob
	0  False   1.0
	1   True   1.0

	   Alarm  prob
	0  False   1.0
	1   True   1.0

	   Alarm    prob
	0  False  0.0598
	1   True  0.9402

Final factor pre-normalization.

	   Alarm    prob
	0  False  0.0598
	1   True  0.9402

Final factor post-normalization.

	   Alarm    prob
	0  False  0.0598
	1   True  0.9402
